[2026-04-20 18:58:57.341] [info] Using configuration file /home/haunt/.config/waybar/config.jsonc
[2026-04-20 18:58:57.359] [info] Using CSS file /home/haunt/.config/waybar/style.css
[2026-04-20 18:58:57.369] [info] Hyprland IPC starting
[2026-04-20 18:58:57.372] [info] Loading persistent workspaces from Hyprland workspace rules
[2026-04-20 18:58:57.614] [info] Bar configured (width: 1366, height: 32) for output: DVI-I-1
[2026-04-20 18:59:41.129] [info] Using configuration file /home/haunt/.config/waybar/config.jsonc
[2026-04-20 18:59:41.134] [info] Using CSS file /home/haunt/.config/waybar/style.css
[2026-04-20 18:59:41.143] [info] Hyprland IPC starting
[2026-04-20 18:59:41.145] [info] Loading persistent workspaces from Hyprland workspace rules
[2026-04-20 18:59:41.378] [info] Bar configured (width: 1366, height: 32) for output: DVI-I-1
[2026-04-20 19:00:55.260] [info] Using configuration file /home/haunt/.config/waybar/config.jsonc
[2026-04-20 19:00:55.264] [info] Using CSS file /home/haunt/.config/waybar/style.css
[2026-04-20 19:00:55.275] [info] Hyprland IPC starting
[2026-04-20 19:00:55.277] [info] Loading persistent workspaces from Hyprland workspace rules
[2026-04-20 19:00:55.509] [info] Bar configured (width: 1366, height: 32) for output: DVI-I-1
[2026-04-20 19:01:10.208] [info] Using configuration file /home/haunt/.config/waybar/config.jsonc
[2026-04-20 19:01:10.215] [info] Using CSS file /home/haunt/.config/waybar/style.css
[2026-04-20 19:01:10.226] [info] Hyprland IPC starting
[2026-04-20 19:01:10.228] [info] Loading persistent workspaces from Hyprland workspace rules
[2026-04-20 19:01:10.488] [info] Bar configured (width: 1366, height: 32) for output: DVI-I-1
[2026-04-20 19:01:38.208] [info] Using configuration file /home/haunt/.config/waybar/config.jsonc
[2026-04-20 19:01:38.212] [info] Using CSS file /home/haunt/.config/waybar/style.css
[2026-04-20 19:01:38.225] [info] Hyprland IPC starting
[2026-04-20 19:01:38.227] [info] Loading persistent workspaces from Hyprland workspace rules
[2026-04-20 19:01:38.466] [info] Bar configured (width: 1366, height: 32) for output: DVI-I-1
[2026-04-20 19:02:37.270] [info] Using configuration file /home/haunt/.config/waybar/config.jsonc
[2026-04-20 19:02:37.274] [info] Using CSS file /home/haunt/.config/waybar/style.css
[2026-04-20 19:02:37.283] [info] Hyprland IPC starting
[2026-04-20 19:02:37.285] [info] Loading persistent workspaces from Hyprland workspace rules
[2026-04-20 19:02:37.515] [info] Bar configured (width: 1366, height: 32) for output: DVI-I-1
[2026-04-20 19:02:46.670] [info] Using configuration file /home/haunt/.config/waybar/config.jsonc
[2026-04-20 19:02:46.674] [info] Using CSS file /home/haunt/.config/waybar/style.css
[2026-04-20 19:02:46.684] [info] Hyprland IPC starting
[2026-04-20 19:02:46.686] [info] Loading persistent workspaces from Hyprland workspace rules
[2026-04-20 19:02:46.917] [info] Bar configured (width: 1366, height: 32) for output: DVI-I-1
[2026-04-20 19:03:10.104] [info] Using configuration file /home/haunt/.config/waybar/config.jsonc
[2026-04-20 19:03:10.108] [info] Using CSS file /home/haunt/.config/waybar/style.css
[2026-04-20 19:03:10.119] [info] Hyprland IPC starting
[2026-04-20 19:03:10.120] [info] Loading persistent workspaces from Hyprland workspace rules
[2026-04-20 19:03:10.374] [info] Bar configured (width: 1366, height: 32) for output: DVI-I-1
[2026-04-20 19:03:18.954] [info] Using configuration file /home/haunt/.config/waybar/config.jsonc
[2026-04-20 19:03:18.957] [info] Using CSS file /home/haunt/.config/waybar/style.css
[2026-04-20 19:03:18.970] [info] Hyprland IPC starting
[2026-04-20 19:03:18.972] [info] Loading persistent workspaces from Hyprland workspace rules
[2026-04-20 19:03:19.234] [info] Bar configured (width: 1366, height: 32) for output: DVI-I-1
[2026-04-20 19:03:28.443] [info] Using configuration file /home/haunt/.config/waybar/config.jsonc
[2026-04-20 19:03:28.450] [info] Using CSS file /home/haunt/.config/waybar/style.css
[2026-04-20 19:03:28.461] [info] Hyprland IPC starting
[2026-04-20 19:03:28.463] [info] Loading persistent workspaces from Hyprland workspace rules
[2026-04-20 19:03:28.701] [info] Bar configured (width: 1366, height: 32) for output: DVI-I-1
[2026-04-20 19:03:50.177] [info] Using configuration file /home/haunt/.config/waybar/config.jsonc
[2026-04-20 19:03:50.181] [info] Using CSS file /home/haunt/.config/waybar/style.css
[2026-04-20 19:03:50.194] [info] Hyprland IPC starting
[2026-04-20 19:03:50.197] [info] Loading persistent workspaces from Hyprland workspace rules
[2026-04-20 19:03:50.435] [info] Bar configured (width: 1366, height: 32) for output: DVI-I-1
[2026-04-20 19:04:14.292] [info] Using configuration file /home/haunt/.config/waybar/config.jsonc
[2026-04-20 19:04:14.297] [info] Using CSS file /home/haunt/.config/waybar/style.css
[2026-04-20 19:04:14.308] [info] Hyprland IPC starting
[2026-04-20 19:04:14.312] [info] Loading persistent workspaces from Hyprland workspace rules
[2026-04-20 19:04:14.554] [info] Bar configured (width: 1366, height: 32) for output: DVI-I-1

(simple-wireplumber-gui:269390): Adwaita-WARNING **: 19:04:28.365: Using GtkSettings:gtk-application-prefer-dark-theme with libadwaita is unsupported. Please use AdwStyleManager:color-scheme instead.
Config file 'None/simple-wireplumber-gui/config.json' not found. Returning an empty dictionary.
[2026-04-20 19:04:39.400] [warning] [wireplumber]: (onMixerChanged: Audio/Sink) - Object with id 68 not found
[2026-04-20 19:04:39.409] [warning] [wireplumber]: (onMixerChanged: Audio/Sink) - Object with id 68 not found
[2026-04-20 19:04:39.415] [warning] [wireplumber]: (onMixerChanged: Audio/Sink) - Object with id 68 not found
[2026-04-20 19:04:43.793] [warning] [wireplumber]: (onMixerChanged: Audio/Sink) - Object with id 68 not found
[2026-04-20 19:04:43.802] [warning] [wireplumber]: (onMixerChanged: Audio/Sink) - Object with id 68 not found
[2026-04-20 19:04:43.809] [warning] [wireplumber]: (onMixerChanged: Audio/Sink) - Object with id 68 not found
[2026-04-20 19:07:16.104] [info] Using configuration file /home/haunt/.config/waybar/config.jsonc
[2026-04-20 19:07:16.107] [info] Using CSS file /home/haunt/.config/waybar/style.css
[2026-04-20 19:07:16.117] [info] Hyprland IPC starting
[2026-04-20 19:07:16.119] [info] Loading persistent workspaces from Hyprland workspace rules
[2026-04-20 19:07:16.349] [info] Bar configured (width: 1366, height: 32) for output: DVI-I-1
[2026-04-20 19:08:00.832] [info] Using configuration file /home/haunt/.config/waybar/config.jsonc
[2026-04-20 19:08:00.833] [error] Error parsing JSON: * Line 17, Column 9
  Missing ',' or '}' in object declaration

[2026-04-20 19:08:12.904] [info] Using configuration file /home/haunt/.config/waybar/config.jsonc
[2026-04-20 19:08:12.908] [info] Using CSS file /home/haunt/.config/waybar/style.css
[2026-04-20 19:08:12.918] [info] Hyprland IPC starting
[2026-04-20 19:08:12.920] [info] Loading persistent workspaces from Hyprland workspace rules
[2026-04-20 19:08:13.150] [info] Bar configured (width: 1366, height: 32) for output: DVI-I-1
[2026-04-20 19:10:41.380] [info] Using configuration file /home/haunt/.config/waybar/config.jsonc
[2026-04-20 19:10:41.383] [info] Using CSS file /home/haunt/.config/waybar/style.css
[2026-04-20 19:10:41.392] [info] Hyprland IPC starting
[2026-04-20 19:10:41.394] [info] Loading persistent workspaces from Hyprland workspace rules
[2026-04-20 19:10:41.634] [info] Bar configured (width: 1366, height: 32) for output: DVI-I-1
[2026-04-20 19:10:53.848] [warning] [wireplumber]: (onMixerChanged: Audio/Sink) - Object with id 67 not found
[2026-04-20 19:10:53.848] [warning] [wireplumber]: (onMixerChanged: Audio/Sink) - Object with id 67 not found
[2026-04-20 19:10:53.860] [warning] [wireplumber]: (onMixerChanged: Audio/Sink) - Object with id 67 not found
[2026-04-20 19:10:53.860] [warning] [wireplumber]: (onMixerChanged: Audio/Sink) - Object with id 67 not found
[2026-04-20 19:10:53.881] [warning] [wireplumber]: (onMixerChanged: Audio/Sink) - Object with id 67 not found
[2026-04-20 19:10:53.881] [warning] [wireplumber]: (onMixerChanged: Audio/Sink) - Object with id 67 not found
[2026-04-20 19:10:53.894] [warning] [wireplumber]: (onMixerChanged: Audio/Sink) - Object with id 67 not found
[2026-04-20 19:10:53.895] [warning] [wireplumber]: (onMixerChanged: Audio/Sink) - Object with id 67 not found
[2026-04-20 19:10:53.986] [warning] [wireplumber]: (onMixerChanged: Audio/Sink) - Object with id 67 not found
[2026-04-20 19:10:53.987] [warning] [wireplumber]: (onMixerChanged: Audio/Sink) - Object with id 67 not found
[2026-04-20 19:10:53.996] [warning] [wireplumber]: (onMixerChanged: Audio/Sink) - Object with id 67 not found
[2026-04-20 19:10:53.998] [warning] [wireplumber]: (onMixerChanged: Audio/Sink) - Object with id 67 not found
[2026-04-20 19:10:54.023] [warning] [wireplumber]: (onMixerChanged: Audio/Sink) - Object with id 67 not found
[2026-04-20 19:10:54.024] [warning] [wireplumber]: (onMixerChanged: Audio/Sink) - Object with id 67 not found
[2026-04-20 19:11:49.206] [info] Using configuration file /home/haunt/.config/waybar/config.jsonc
[2026-04-20 19:11:49.209] [info] Using CSS file /home/haunt/.config/waybar/style.css
[2026-04-20 19:11:49.218] [info] Hyprland IPC starting
[2026-04-20 19:11:49.220] [info] Loading persistent workspaces from Hyprland workspace rules
[2026-04-20 19:11:49.463] [info] Bar configured (width: 1366, height: 32) for output: DVI-I-1
[2026-04-20 19:12:10.299] [info] Using configuration file /home/haunt/.config/waybar/config.jsonc
[2026-04-20 19:12:10.302] [info] Using CSS file /home/haunt/.config/waybar/style.css
[2026-04-20 19:12:10.311] [info] Hyprland IPC starting
[2026-04-20 19:12:10.313] [info] Loading persistent workspaces from Hyprland workspace rules
[2026-04-20 19:12:10.580] [info] Bar configured (width: 1366, height: 32) for output: DVI-I-1
[2026-04-20 19:12:18.190] [info] Using configuration file /home/haunt/.config/waybar/config.jsonc
[2026-04-20 19:12:18.194] [info] Using CSS file /home/haunt/.config/waybar/style.css
[2026-04-20 19:12:18.204] [info] Hyprland IPC starting
[2026-04-20 19:12:18.208] [info] Loading persistent workspaces from Hyprland workspace rules
[2026-04-20 19:12:18.444] [info] Bar configured (width: 1366, height: 32) for output: DVI-I-1
[2026-04-20 19:12:54.708] [warning] [wireplumber]: (onMixerChanged: Audio/Sink) - Object with id 64 not found
[2026-04-20 19:12:54.717] [warning] [wireplumber]: (onMixerChanged: Audio/Sink) - Object with id 64 not found
[2026-04-20 19:12:54.724] [warning] [wireplumber]: (onMixerChanged: Audio/Sink) - Object with id 64 not found
[2026-04-20 19:13:49.833] [warning] [wireplumber]: (onMixerChanged: Audio/Sink) - Object with id 64 not found
[2026-04-20 19:13:49.843] [warning] [wireplumber]: (onMixerChanged: Audio/Sink) - Object with id 64 not found
[2026-04-20 19:13:49.851] [warning] [wireplumber]: (onMixerChanged: Audio/Sink) - Object with id 64 not found
[2026-04-20 19:13:53.241] [warning] [wireplumber]: (onMixerChanged: Audio/Sink) - Object with id 64 not found
[2026-04-20 19:13:53.249] [warning] [wireplumber]: (onMixerChanged: Audio/Sink) - Object with id 64 not found
[2026-04-20 19:13:53.258] [warning] [wireplumber]: (onMixerChanged: Audio/Sink) - Object with id 64 not found
[2026-04-20 19:15:57.710] [warning] [wireplumber]: (onMixerChanged: Audio/Sink) - Object with id 64 not found
[2026-04-20 19:15:57.722] [warning] [wireplumber]: (onMixerChanged: Audio/Sink) - Object with id 64 not found
[2026-04-20 19:15:57.731] [warning] [wireplumber]: (onMixerChanged: Audio/Sink) - Object with id 64 not found
[2026-04-20 19:15:59.300] [warning] [wireplumber]: (onMixerChanged: Audio/Sink) - Object with id 69 not found
[2026-04-20 19:15:59.309] [warning] [wireplumber]: (onMixerChanged: Audio/Sink) - Object with id 69 not found
[2026-04-20 19:15:59.318] [warning] [wireplumber]: (onMixerChanged: Audio/Sink) - Object with id 69 not found
[2026-04-20 19:18:50.458] [info] Using configuration file /home/haunt/.config/waybar/config.jsonc
[2026-04-20 19:18:50.464] [info] Using CSS file /home/haunt/.config/waybar/style.css
[2026-04-20 19:18:50.475] [info] Hyprland IPC starting
[2026-04-20 19:18:50.477] [info] Loading persistent workspaces from Hyprland workspace rules
[2026-04-20 19:18:50.728] [info] Bar configured (width: 1366, height: 32) for output: DVI-I-1
No players found
[2026-04-20 19:19:19.988] [warning] [wireplumber]: (onMixerChanged: Audio/Sink) - Object with id 71 not found
[2026-04-20 19:19:20.020] [warning] [wireplumber]: (onMixerChanged: Audio/Sink) - Object with id 71 not found
[2026-04-20 19:19:20.036] [warning] [wireplumber]: (onMixerChanged: Audio/Sink) - Object with id 71 not found
[2026-04-20 19:19:20.063] [warning] [wireplumber]: (onMixerChanged: Audio/Sink) - Object with id 71 not found
[2026-04-20 19:19:21.852] [warning] [wireplumber]: (onMixerChanged: Audio/Sink) - Object with id 71 not found
[2026-04-20 19:19:21.862] [warning] [wireplumber]: (onMixerChanged: Audio/Sink) - Object with id 71 not found
[2026-04-20 19:19:21.868] [warning] [wireplumber]: (onMixerChanged: Audio/Sink) - Object with id 71 not found
[2026-04-20 19:19:22.401] [warning] [wireplumber]: (onMixerChanged: Audio/Sink) - Object with id 71 not found
[2026-04-20 19:19:23.242] [warning] [wireplumber]: (onMixerChanged: Audio/Sink) - Object with id 71 not found
[2026-04-20 19:19:23.277] [warning] [wireplumber]: (onMixerChanged: Audio/Sink) - Object with id 71 not found
[2026-04-20 19:19:23.290] [warning] [wireplumber]: (onMixerChanged: Audio/Sink) - Object with id 71 not found
[2026-04-20 19:20:47.689] [info] Using configuration file /home/haunt/.config/waybar/config.jsonc
[2026-04-20 19:20:47.699] [info] Using CSS file /home/haunt/.config/waybar/style.css
[2026-04-20 19:20:47.714] [info] Hyprland IPC starting
[2026-04-20 19:20:47.718] [info] Loading persistent workspaces from Hyprland workspace rules
[2026-04-20 19:20:48.039] [info] Bar configured (width: 1366, height: 32) for output: DVI-I-1
[2026-04-20 19:21:51.651] [info] Using configuration file /home/haunt/.config/waybar/config.jsonc
[2026-04-20 19:21:51.656] [info] Using CSS file /home/haunt/.config/waybar/style.css
[2026-04-20 19:21:51.672] [info] Hyprland IPC starting
[2026-04-20 19:21:51.675] [info] Loading persistent workspaces from Hyprland workspace rules
[2026-04-20 19:21:51.936] [info] Bar configured (width: 1366, height: 32) for output: DVI-I-1
[2026-04-20 19:22:20.192] [warning] [wireplumber]: (onMixerChanged: Audio/Sink) - Object with id 76 not found
[2026-04-20 19:22:20.202] [warning] [wireplumber]: (onMixerChanged: Audio/Sink) - Object with id 76 not found
[2026-04-20 19:22:20.208] [warning] [wireplumber]: (onMixerChanged: Audio/Sink) - Object with id 76 not found
[2026-04-20 19:23:01.582] [info] Using configuration file /home/haunt/.config/waybar/config.jsonc
[2026-04-20 19:23:01.589] [info] Using CSS file /home/haunt/.config/waybar/style.css
[2026-04-20 19:23:01.603] [info] Hyprland IPC starting
[2026-04-20 19:23:01.606] [info] Loading persistent workspaces from Hyprland workspace rules
[2026-04-20 19:23:01.610] [warning] There is no configuration for 'custom/prev', element will be hidden
[2026-04-20 19:23:01.614] [warning] There is no configuration for 'custom/next', element will be hidden
[2026-04-20 19:23:01.850] [info] Bar configured (width: 1366, height: 32) for output: DVI-I-1
[2026-04-20 19:23:15.457] [info] Using configuration file /home/haunt/.config/waybar/config.jsonc
[2026-04-20 19:23:15.461] [info] Using CSS file /home/haunt/.config/waybar/style.css

(waybar:310401): Gtk-WARNING **: 19:23:15.462: Theme parsing error: style.css:89:14: Not using units is deprecated. Assuming 'px'.
[2026-04-20 19:23:15.474] [info] Hyprland IPC starting
[2026-04-20 19:23:15.477] [info] Loading persistent workspaces from Hyprland workspace rules
[2026-04-20 19:23:15.482] [warning] There is no configuration for 'custom/prev', element will be hidden
[2026-04-20 19:23:15.488] [warning] There is no configuration for 'custom/next', element will be hidden
[2026-04-20 19:23:15.736] [info] Bar configured (width: 1366, height: 32) for output: DVI-I-1
[2026-04-20 19:23:26.499] [info] Using configuration file /home/haunt/.config/waybar/config.jsonc
[2026-04-20 19:23:26.504] [info] Using CSS file /home/haunt/.config/waybar/style.css

(waybar:311231): Gtk-WARNING **: 19:23:26.504: Theme parsing error: style.css:89:14: Not using units is deprecated. Assuming 'px'.
[2026-04-20 19:23:26.516] [info] Hyprland IPC starting
[2026-04-20 19:23:26.521] [info] Loading persistent workspaces from Hyprland workspace rules
[2026-04-20 19:23:26.525] [warning] There is no configuration for 'custom/prev', element will be hidden
[2026-04-20 19:23:26.529] [warning] There is no configuration for 'custom/next', element will be hidden
[2026-04-20 19:23:26.771] [info] Bar configured (width: 1366, height: 32) for output: DVI-I-1
[2026-04-20 19:23:34.285] [info] Using configuration file /home/haunt/.config/waybar/config.jsonc
[2026-04-20 19:23:34.290] [info] Using CSS file /home/haunt/.config/waybar/style.css
[2026-04-20 19:23:34.302] [info] Hyprland IPC starting
[2026-04-20 19:23:34.305] [info] Loading persistent workspaces from Hyprland workspace rules
[2026-04-20 19:23:34.310] [warning] There is no configuration for 'custom/prev', element will be hidden
[2026-04-20 19:23:34.314] [warning] There is no configuration for 'custom/next', element will be hidden
[2026-04-20 19:23:34.560] [info] Bar configured (width: 1366, height: 32) for output: DVI-I-1
[2026-04-20 19:24:53.499] [info] Using configuration file /home/haunt/.config/waybar/config.jsonc
[2026-04-20 19:24:53.504] [info] Using CSS file /home/haunt/.config/waybar/style.css

(waybar:317295): Gtk-WARNING **: 19:24:53.505: Theme parsing error: style.css:91:17: Not using units is deprecated. Assuming 'px'.
[2026-04-20 19:24:53.517] [info] Hyprland IPC starting
[2026-04-20 19:24:53.519] [info] Loading persistent workspaces from Hyprland workspace rules
[2026-04-20 19:24:53.523] [warning] There is no configuration for 'custom/prev', element will be hidden
[2026-04-20 19:24:53.528] [warning] There is no configuration for 'custom/next', element will be hidden
[2026-04-20 19:24:53.787] [info] Bar configured (width: 1366, height: 32) for output: DVI-I-1
[2026-04-20 19:25:00.200] [info] Using configuration file /home/haunt/.config/waybar/config.jsonc
[2026-04-20 19:25:00.204] [info] Using CSS file /home/haunt/.config/waybar/style.css

(waybar:317841): Gtk-WARNING **: 19:25:00.204: Theme parsing error: style.css:91:17: Not using units is deprecated. Assuming 'px'.
[2026-04-20 19:25:00.218] [info] Hyprland IPC starting
[2026-04-20 19:25:00.220] [info] Loading persistent workspaces from Hyprland workspace rules
[2026-04-20 19:25:00.224] [warning] There is no configuration for 'custom/prev', element will be hidden
[2026-04-20 19:25:00.229] [warning] There is no configuration for 'custom/next', element will be hidden
[2026-04-20 19:25:00.465] [info] Bar configured (width: 1366, height: 32) for output: DVI-I-1
[2026-04-20 19:25:01.969] [warning] [wireplumber]: (onMixerChanged: Audio/Sink) - Object with id 71 not found
[2026-04-20 19:25:01.978] [warning] [wireplumber]: (onMixerChanged: Audio/Sink) - Object with id 71 not found
[2026-04-20 19:25:01.985] [warning] [wireplumber]: (onMixerChanged: Audio/Sink) - Object with id 71 not found
[2026-04-20 19:25:01.986] [warning] [wireplumber]: (onMixerChanged: Audio/Sink) - Object with id 71 not found
[2026-04-20 19:25:15.542] [info] Using configuration file /home/haunt/.config/waybar/config.jsonc
[2026-04-20 19:25:15.546] [info] Using CSS file /home/haunt/.config/waybar/style.css

(waybar:318987): Gtk-WARNING **: 19:25:15.546: Theme parsing error: style.css:91:17: Not using units is deprecated. Assuming 'px'.
[2026-04-20 19:25:15.558] [info] Hyprland IPC starting
[2026-04-20 19:25:15.561] [info] Loading persistent workspaces from Hyprland workspace rules
[2026-04-20 19:25:15.566] [warning] There is no configuration for 'custom/prev', element will be hidden
[2026-04-20 19:25:15.574] [warning] There is no configuration for 'custom/next', element will be hidden
[2026-04-20 19:25:15.827] [warning] Requested height: 32 is less than the minimum height: 33 required by the modules
[2026-04-20 19:25:15.827] [info] Bar configured (width: 1366, height: 33) for output: DVI-I-1
[2026-04-20 19:26:17.135] [info] Using configuration file /home/haunt/.config/waybar/config.jsonc
[2026-04-20 19:26:17.140] [info] Using CSS file /home/haunt/.config/waybar/style.css

(waybar:323244): Gtk-WARNING **: 19:26:17.140: Theme parsing error: style.css:91:17: Not using units is deprecated. Assuming 'px'.
[2026-04-20 19:26:17.150] [info] Hyprland IPC starting
[2026-04-20 19:26:17.153] [info] Loading persistent workspaces from Hyprland workspace rules
[2026-04-20 19:26:17.157] [warning] There is no configuration for 'custom/prev', element will be hidden
[2026-04-20 19:26:17.161] [warning] There is no configuration for 'custom/next', element will be hidden
[2026-04-20 19:26:17.408] [warning] Requested height: 32 is less than the minimum height: 33 required by the modules
[2026-04-20 19:26:17.409] [info] Bar configured (width: 1366, height: 33) for output: DVI-I-1
[2026-04-20 19:26:40.444] [info] Using configuration file /home/haunt/.config/waybar/config.jsonc
[2026-04-20 19:26:40.449] [info] Using CSS file /home/haunt/.config/waybar/style.css

(waybar:324926): Gtk-WARNING **: 19:26:40.449: Theme parsing error: style.css:91:17: Not using units is deprecated. Assuming 'px'.
[2026-04-20 19:26:40.464] [info] Hyprland IPC starting
[2026-04-20 19:26:40.467] [info] Loading persistent workspaces from Hyprland workspace rules
[2026-04-20 19:26:40.473] [warning] There is no configuration for 'custom/prev', element will be hidden
[2026-04-20 19:26:40.477] [warning] There is no configuration for 'custom/next', element will be hidden
[2026-04-20 19:26:40.728] [warning] Requested height: 32 is less than the minimum height: 33 required by the modules
[2026-04-20 19:26:40.729] [info] Bar configured (width: 1366, height: 33) for output: DVI-I-1
[2026-04-20 19:26:56.618] [warning] [wireplumber]: (onMixerChanged: Audio/Sink) - Object with id 71 not found
[2026-04-20 19:26:56.646] [warning] [wireplumber]: (onMixerChanged: Audio/Sink) - Object with id 71 not found
[2026-04-20 19:26:56.697] [warning] [wireplumber]: (onMixerChanged: Audio/Sink) - Object with id 71 not found
[2026-04-20 19:27:13.474] [info] Using configuration file /home/haunt/.config/waybar/config.jsonc
[2026-04-20 19:27:13.480] [info] Using CSS file /home/haunt/.config/waybar/style.css

(waybar:327262): Gtk-WARNING **: 19:27:13.480: Theme parsing error: style.css:91:17: Not using units is deprecated. Assuming 'px'.
[2026-04-20 19:27:13.492] [info] Hyprland IPC starting
[2026-04-20 19:27:13.495] [info] Loading persistent workspaces from Hyprland workspace rules
[2026-04-20 19:27:13.501] [warning] There is no configuration for 'custom/prev', element will be hidden
[2026-04-20 19:27:13.505] [warning] There is no configuration for 'custom/next', element will be hidden
[2026-04-20 19:27:13.749] [warning] Requested height: 32 is less than the minimum height: 33 required by the modules
[2026-04-20 19:27:13.749] [info] Bar configured (width: 1366, height: 33) for output: DVI-I-1

(simple-wireplumber-gui:329796): Adwaita-WARNING **: 19:27:50.147: Using GtkSettings:gtk-application-prefer-dark-theme with libadwaita is unsupported. Please use AdwStyleManager:color-scheme instead.
Config file 'None/simple-wireplumber-gui/config.json' not found. Returning an empty dictionary.
[2026-04-20 19:27:55.868] [warning] [wireplumber]: (onMixerChanged: Audio/Sink) - Object with id 71 not found
[2026-04-20 19:27:58.501] [warning] [wireplumber]: (onMixerChanged: Audio/Sink) - Object with id 71 not found
[2026-04-20 19:28:22.627] [warning] [wireplumber]: (onMixerChanged: Audio/Sink) - Object with id 71 not found
[2026-04-20 19:28:22.635] [warning] [wireplumber]: (onMixerChanged: Audio/Sink) - Object with id 71 not found
[2026-04-20 19:28:22.649] [warning] [wireplumber]: (onMixerChanged: Audio/Sink) - Object with id 71 not found
[2026-04-20 19:28:22.650] [warning] [wireplumber]: (onMixerChanged: Audio/Sink) - Object with id 71 not found
[2026-04-20 19:29:00.411] [info] Using configuration file /home/haunt/.config/waybar/config.jsonc
[2026-04-20 19:29:00.415] [info] Using CSS file /home/haunt/.config/waybar/style.css
[2026-04-20 19:29:00.427] [info] Hyprland IPC starting
[2026-04-20 19:29:00.430] [info] Loading persistent workspaces from Hyprland workspace rules
[2026-04-20 19:29:00.434] [warning] There is no configuration for 'custom/prev', element will be hidden
[2026-04-20 19:29:00.438] [warning] There is no configuration for 'custom/next', element will be hidden
[2026-04-20 19:29:00.703] [info] Bar configured (width: 1366, height: 32) for output: DVI-I-1
[2026-04-20 19:29:38.665] [warning] [wireplumber]: (onMixerChanged: Audio/Sink) - Object with id 71 not found
[2026-04-20 19:29:38.675] [warning] [wireplumber]: (onMixerChanged: Audio/Sink) - Object with id 71 not found
[2026-04-20 19:29:38.688] [warning] [wireplumber]: (onMixerChanged: Audio/Sink) - Object with id 71 not found
[2026-04-20 19:29:38.688] [warning] [wireplumber]: (onMixerChanged: Audio/Sink) - Object with id 71 not found
[2026-04-20 19:30:10.117] [info] Using configuration file /home/haunt/.config/waybar/config.jsonc
[2026-04-20 19:30:10.121] [info] Using CSS file /home/haunt/.config/waybar/style.css
[2026-04-20 19:30:10.134] [info] Hyprland IPC starting
[2026-04-20 19:30:10.136] [info] Loading persistent workspaces from Hyprland workspace rules
[2026-04-20 19:30:10.142] [warning] There is no configuration for 'custom/prev', element will be hidden
[2026-04-20 19:30:10.146] [warning] There is no configuration for 'custom/next', element will be hidden
[2026-04-20 19:30:10.401] [warning] Requested height: 32 is less than the minimum height: 33 required by the modules
[2026-04-20 19:30:10.401] [info] Bar configured (width: 1366, height: 33) for output: DVI-I-1
[2026-04-20 19:30:58.992] [info] Using configuration file /home/haunt/.config/waybar/config.jsonc
[2026-04-20 19:30:58.999] [info] Using CSS file /home/haunt/.config/waybar/style.css
[2026-04-20 19:30:59.013] [info] Hyprland IPC starting
[2026-04-20 19:30:59.016] [info] Loading persistent workspaces from Hyprland workspace rules
[2026-04-20 19:30:59.021] [warning] There is no configuration for 'custom/prev', element will be hidden
[2026-04-20 19:30:59.027] [warning] There is no configuration for 'custom/next', element will be hidden
[2026-04-20 19:30:59.296] [warning] Requested height: 32 is less than the minimum height: 33 required by the modules
[2026-04-20 19:30:59.296] [info] Bar configured (width: 1366, height: 33) for output: DVI-I-1
[2026-04-20 19:31:35.175] [info] Using configuration file /home/haunt/.config/waybar/config.jsonc
[2026-04-20 19:31:35.181] [info] Using CSS file /home/haunt/.config/waybar/style.css
[2026-04-20 19:31:35.194] [info] Hyprland IPC starting
[2026-04-20 19:31:35.197] [info] Loading persistent workspaces from Hyprland workspace rules
[2026-04-20 19:31:35.202] [warning] There is no configuration for 'custom/prev', element will be hidden
[2026-04-20 19:31:35.206] [warning] There is no configuration for 'custom/next', element will be hidden
[2026-04-20 19:31:35.459] [warning] Requested height: 32 is less than the minimum height: 36 required by the modules
[2026-04-20 19:31:35.459] [info] Bar configured (width: 1366, height: 36) for output: DVI-I-1
[2026-04-20 19:32:27.109] [info] Using configuration file /home/haunt/.config/waybar/config.jsonc
[2026-04-20 19:32:27.114] [info] Using CSS file /home/haunt/.config/waybar/style.css
[2026-04-20 19:32:27.133] [info] Hyprland IPC starting
[2026-04-20 19:32:27.137] [info] Loading persistent workspaces from Hyprland workspace rules
[2026-04-20 19:32:27.145] [warning] There is no configuration for 'custom/prev', element will be hidden
[2026-04-20 19:32:27.154] [warning] There is no configuration for 'custom/next', element will be hidden
[2026-04-20 19:32:27.477] [warning] Requested height: 32 is less than the minimum height: 33 required by the modules
[2026-04-20 19:32:27.477] [info] Bar configured (width: 1366, height: 33) for output: DVI-I-1
[2026-04-20 19:32:44.754] [warning] [wireplumber]: (onMixerChanged: Audio/Sink) - Object with id 71 not found
[2026-04-20 19:32:44.763] [warning] [wireplumber]: (onMixerChanged: Audio/Sink) - Object with id 71 not found
[2026-04-20 19:32:44.771] [warning] [wireplumber]: (onMixerChanged: Audio/Sink) - Object with id 71 not found
[2026-04-20 19:32:44.771] [warning] [wireplumber]: (onMixerChanged: Audio/Sink) - Object with id 71 not found
[2026-04-20 19:33:04.911] [info] Using configuration file /home/haunt/.config/waybar/config.jsonc
[2026-04-20 19:33:04.916] [info] Using CSS file /home/haunt/.config/waybar/style.css
[2026-04-20 19:33:04.929] [info] Hyprland IPC starting
[2026-04-20 19:33:04.931] [info] Loading persistent workspaces from Hyprland workspace rules
[2026-04-20 19:33:04.938] [warning] There is no configuration for 'custom/prev', element will be hidden
[2026-04-20 19:33:04.942] [warning] There is no configuration for 'custom/next', element will be hidden
[2026-04-20 19:33:05.195] [warning] Requested height: 32 is less than the minimum height: 33 required by the modules
[2026-04-20 19:33:05.195] [info] Bar configured (width: 1366, height: 33) for output: DVI-I-1
[2026-04-20 19:33:10.065] [info] Using configuration file /home/haunt/.config/waybar/config.jsonc
[2026-04-20 19:33:10.068] [info] Using CSS file /home/haunt/.config/waybar/style.css
[2026-04-20 19:33:10.082] [info] Hyprland IPC starting
[2026-04-20 19:33:10.085] [info] Loading persistent workspaces from Hyprland workspace rules
[2026-04-20 19:33:10.089] [warning] There is no configuration for 'custom/prev', element will be hidden
[2026-04-20 19:33:10.096] [warning] There is no configuration for 'custom/next', element will be hidden
[2026-04-20 19:33:10.349] [warning] Requested height: 32 is less than the minimum height: 33 required by the modules
[2026-04-20 19:33:10.349] [info] Bar configured (width: 1366, height: 33) for output: DVI-I-1
[2026-04-20 19:34:03.341] [info] Using configuration file /home/haunt/.config/waybar/config.jsonc
[2026-04-20 19:34:03.351] [info] Using CSS file /home/haunt/.config/waybar/style.css
[2026-04-20 19:34:03.365] [info] Hyprland IPC starting
[2026-04-20 19:34:03.367] [info] Loading persistent workspaces from Hyprland workspace rules
[2026-04-20 19:34:03.372] [warning] There is no configuration for 'custom/prev', element will be hidden
[2026-04-20 19:34:03.376] [warning] There is no configuration for 'custom/next', element will be hidden
[2026-04-20 19:34:03.636] [warning] Requested height: 32 is less than the minimum height: 33 required by the modules
[2026-04-20 19:34:03.636] [info] Bar configured (width: 1366, height: 33) for output: DVI-I-1
[2026-04-20 19:34:16.435] [info] Using configuration file /home/haunt/.config/waybar/config.jsonc
[2026-04-20 19:34:16.440] [info] Using CSS file /home/haunt/.config/waybar/style.css
[2026-04-20 19:34:16.453] [info] Hyprland IPC starting
[2026-04-20 19:34:16.455] [info] Loading persistent workspaces from Hyprland workspace rules
[2026-04-20 19:34:16.461] [warning] There is no configuration for 'custom/prev', element will be hidden
[2026-04-20 19:34:16.464] [warning] There is no configuration for 'custom/next', element will be hidden
[2026-04-20 19:34:16.713] [warning] Requested height: 32 is less than the minimum height: 33 required by the modules
[2026-04-20 19:34:16.713] [info] Bar configured (width: 1366, height: 33) for output: DVI-I-1
[2026-04-20 19:34:36.609] [info] Using configuration file /home/haunt/.config/waybar/config.jsonc
[2026-04-20 19:34:36.614] [info] Using CSS file /home/haunt/.config/waybar/style.css
[2026-04-20 19:34:36.624] [info] Hyprland IPC starting
[2026-04-20 19:34:36.626] [info] Loading persistent workspaces from Hyprland workspace rules
[2026-04-20 19:34:36.632] [warning] There is no configuration for 'custom/prev', element will be hidden
[2026-04-20 19:34:36.636] [warning] There is no configuration for 'custom/next', element will be hidden
[2026-04-20 19:34:36.881] [info] Bar configured (width: 1366, height: 32) for output: DVI-I-1
[2026-04-20 19:34:55.432] [info] Using configuration file /home/haunt/.config/waybar/config.jsonc
[2026-04-20 19:34:55.437] [info] Using CSS file /home/haunt/.config/waybar/style.css
[2026-04-20 19:34:55.456] [info] Hyprland IPC starting
[2026-04-20 19:34:55.462] [info] Loading persistent workspaces from Hyprland workspace rules
[2026-04-20 19:34:55.466] [warning] There is no configuration for 'custom/prev', element will be hidden
[2026-04-20 19:34:55.472] [warning] There is no configuration for 'custom/next', element will be hidden
[2026-04-20 19:34:55.734] [info] Bar configured (width: 1366, height: 32) for output: DVI-I-1
[2026-04-20 19:35:13.837] [warning] [wireplumber]: (onMixerChanged: Audio/Sink) - Object with id 71 not found
[2026-04-20 19:35:13.852] [warning] [wireplumber]: (onMixerChanged: Audio/Sink) - Object with id 71 not found
[2026-04-20 19:35:13.864] [warning] [wireplumber]: (onMixerChanged: Audio/Sink) - Object with id 71 not found
[2026-04-20 19:35:13.870] [warning] [wireplumber]: (onMixerChanged: Audio/Sink) - Object with id 71 not found
[2026-04-20 19:35:15.156] [warning] [wireplumber]: (onMixerChanged: Audio/Sink) - Object with id 71 not found
[2026-04-20 19:35:15.168] [warning] [wireplumber]: (onMixerChanged: Audio/Sink) - Object with id 71 not found
[2026-04-20 19:35:15.176] [warning] [wireplumber]: (onMixerChanged: Audio/Sink) - Object with id 71 not found
[2026-04-20 19:35:15.177] [warning] [wireplumber]: (onMixerChanged: Audio/Sink) - Object with id 71 not found
[2026-04-20 19:35:18.351] [warning] [wireplumber]: (onMixerChanged: Audio/Sink) - Object with id 71 not found
[2026-04-20 19:35:18.361] [warning] [wireplumber]: (onMixerChanged: Audio/Sink) - Object with id 71 not found
[2026-04-20 19:35:18.372] [warning] [wireplumber]: (onMixerChanged: Audio/Sink) - Object with id 71 not found
[2026-04-20 19:35:18.372] [warning] [wireplumber]: (onMixerChanged: Audio/Sink) - Object with id 71 not found
[2026-04-20 19:35:33.199] [info] Using configuration file /home/haunt/.config/waybar/config.jsonc
[2026-04-20 19:35:33.204] [info] Using CSS file /home/haunt/.config/waybar/style.css
[2026-04-20 19:35:33.221] [info] Hyprland IPC starting
[2026-04-20 19:35:33.225] [info] Loading persistent workspaces from Hyprland workspace rules
[2026-04-20 19:35:33.232] [warning] There is no configuration for 'custom/prev', element will be hidden
[2026-04-20 19:35:33.236] [warning] There is no configuration for 'custom/next', element will be hidden
[2026-04-20 19:35:33.495] [info] Bar configured (width: 1366, height: 32) for output: DVI-I-1
[2026-04-20 19:36:43.644] [warning] [wireplumber]: (onMixerChanged: Audio/Sink) - Object with id 71 not found
[2026-04-20 19:36:43.653] [warning] [wireplumber]: (onMixerChanged: Audio/Sink) - Object with id 71 not found
[2026-04-20 19:36:43.662] [warning] [wireplumber]: (onMixerChanged: Audio/Sink) - Object with id 71 not found
[2026-04-20 19:36:43.662] [warning] [wireplumber]: (onMixerChanged: Audio/Sink) - Object with id 71 not found
[2026-04-20 19:36:58.611] [info] Using configuration file /home/haunt/.config/waybar/config.jsonc
[2026-04-20 19:36:58.617] [info] Using CSS file /home/haunt/.config/waybar/style.css
[2026-04-20 19:36:58.634] [info] Hyprland IPC starting
[2026-04-20 19:36:58.637] [info] Loading persistent workspaces from Hyprland workspace rules
[2026-04-20 19:36:58.642] [warning] There is no configuration for 'custom/prev', element will be hidden
[2026-04-20 19:36:58.651] [warning] There is no configuration for 'custom/next', element will be hidden
[2026-04-20 19:36:58.916] [info] Bar configured (width: 1366, height: 32) for output: DVI-I-1
[2026-04-20 19:37:19.344] [info] Using configuration file /home/haunt/.config/waybar/config.jsonc
[2026-04-20 19:37:19.348] [info] Using CSS file /home/haunt/.config/waybar/style.css
[2026-04-20 19:37:19.358] [info] Hyprland IPC starting
[2026-04-20 19:37:19.361] [info] Loading persistent workspaces from Hyprland workspace rules
[2026-04-20 19:37:19.365] [warning] There is no configuration for 'custom/prev', element will be hidden
[2026-04-20 19:37:19.371] [warning] There is no configuration for 'custom/next', element will be hidden
[2026-04-20 19:37:19.618] [info] Bar configured (width: 1366, height: 32) for output: DVI-I-1
[2026-04-20 19:38:06.209] [warning] [wireplumber]: (onMixerChanged: Audio/Sink) - Object with id 71 not found
[2026-04-20 19:38:06.219] [warning] [wireplumber]: (onMixerChanged: Audio/Sink) - Object with id 71 not found
[2026-04-20 19:38:06.230] [warning] [wireplumber]: (onMixerChanged: Audio/Sink) - Object with id 71 not found
[2026-04-20 19:38:06.231] [warning] [wireplumber]: (onMixerChanged: Audio/Sink) - Object with id 71 not found
[2026-04-20 19:38:42.289] [info] Using configuration file /home/haunt/.config/waybar/config.jsonc
[2026-04-20 19:38:42.293] [info] Using CSS file /home/haunt/.config/waybar/style.css
[2026-04-20 19:38:42.307] [info] Hyprland IPC starting
[2026-04-20 19:38:42.309] [info] Loading persistent workspaces from Hyprland workspace rules
[2026-04-20 19:38:42.315] [warning] There is no configuration for 'custom/prev', element will be hidden
[2026-04-20 19:38:42.319] [warning] There is no configuration for 'custom/next', element will be hidden
[2026-04-20 19:38:42.572] [info] Bar configured (width: 1366, height: 32) for output: DVI-I-1
[2026-04-20 19:39:42.812] [warning] [wireplumber]: (onMixerChanged: Audio/Sink) - Object with id 71 not found
[2026-04-20 19:39:42.825] [warning] [wireplumber]: (onMixerChanged: Audio/Sink) - Object with id 71 not found
[2026-04-20 19:39:42.836] [warning] [wireplumber]: (onMixerChanged: Audio/Sink) - Object with id 71 not found
[2026-04-20 19:40:12.368] [info] Using configuration file /home/haunt/.config/waybar/config.jsonc
[2026-04-20 19:40:12.377] [info] Using CSS file /home/haunt/.config/waybar/style.css
[2026-04-20 19:40:12.396] [info] Hyprland IPC starting
[2026-04-20 19:40:12.404] [info] Loading persistent workspaces from Hyprland workspace rules
[2026-04-20 19:40:12.411] [warning] There is no configuration for 'custom/prev', element will be hidden
[2026-04-20 19:40:12.416] [warning] There is no configuration for 'custom/next', element will be hidden
[2026-04-20 19:40:12.689] [info] Bar configured (width: 1366, height: 32) for output: DVI-I-1
[2026-04-20 19:41:10.933] [info] Using configuration file /home/haunt/.config/waybar/config.jsonc
[2026-04-20 19:41:10.941] [info] Using CSS file /home/haunt/.config/waybar/style.css
[2026-04-20 19:41:10.955] [info] Hyprland IPC starting
[2026-04-20 19:41:10.958] [info] Loading persistent workspaces from Hyprland workspace rules
[2026-04-20 19:41:10.964] [warning] There is no configuration for 'custom/prev', element will be hidden
[2026-04-20 19:41:10.969] [warning] There is no configuration for 'custom/next', element will be hidden
[2026-04-20 19:41:11.218] [info] Bar configured (width: 1366, height: 32) for output: DVI-I-1
[2026-04-20 19:41:41.749] [warning] [wireplumber]: (onMixerChanged: Audio/Sink) - Object with id 71 not found
[2026-04-20 19:41:41.758] [warning] [wireplumber]: (onMixerChanged: Audio/Sink) - Object with id 71 not found
[2026-04-20 19:41:41.767] [warning] [wireplumber]: (onMixerChanged: Audio/Sink) - Object with id 71 not found
[2026-04-20 19:41:41.768] [warning] [wireplumber]: (onMixerChanged: Audio/Sink) - Object with id 71 not found
[2026-04-20 19:44:38.706] [warning] [wireplumber]: (onMixerChanged: Audio/Sink) - Object with id 71 not found
[2026-04-20 19:44:38.717] [warning] [wireplumber]: (onMixerChanged: Audio/Sink) - Object with id 71 not found
[2026-04-20 19:44:38.728] [warning] [wireplumber]: (onMixerChanged: Audio/Sink) - Object with id 71 not found
[2026-04-20 19:44:38.729] [warning] [wireplumber]: (onMixerChanged: Audio/Sink) - Object with id 71 not found
[2026-04-20 19:48:06.064] [warning] [wireplumber]: (onMixerChanged: Audio/Sink) - Object with id 71 not found
[2026-04-20 19:48:06.073] [warning] [wireplumber]: (onMixerChanged: Audio/Sink) - Object with id 71 not found
[2026-04-20 19:48:06.081] [warning] [wireplumber]: (onMixerChanged: Audio/Sink) - Object with id 71 not found
[2026-04-20 19:48:06.082] [warning] [wireplumber]: (onMixerChanged: Audio/Sink) - Object with id 71 not found
ok
ok
[2026-04-20 19:49:36.830] [warning] [wireplumber]: (onMixerChanged: Audio/Sink) - Object with id 71 not found
[2026-04-20 19:49:36.839] [warning] [wireplumber]: (onMixerChanged: Audio/Sink) - Object with id 71 not found
[2026-04-20 19:49:36.852] [warning] [wireplumber]: (onMixerChanged: Audio/Sink) - Object with id 71 not found
[2026-04-20 19:49:36.852] [warning] [wireplumber]: (onMixerChanged: Audio/Sink) - Object with id 71 not found
[2026-04-20 19:49:38.267] [warning] [wireplumber]: (onMixerChanged: Audio/Sink) - Object with id 71 not found
[2026-04-20 19:49:38.281] [warning] [wireplumber]: (onMixerChanged: Audio/Sink) - Object with id 71 not found
[2026-04-20 19:49:38.292] [warning] [wireplumber]: (onMixerChanged: Audio/Sink) - Object with id 71 not found
[2026-04-20 19:49:38.293] [warning] [wireplumber]: (onMixerChanged: Audio/Sink) - Object with id 71 not found
[2026-04-20 19:49:41.857] [warning] [wireplumber]: (onMixerChanged: Audio/Sink) - Object with id 71 not found
[2026-04-20 19:49:41.866] [warning] [wireplumber]: (onMixerChanged: Audio/Sink) - Object with id 71 not found
[2026-04-20 19:49:41.877] [warning] [wireplumber]: (onMixerChanged: Audio/Sink) - Object with id 71 not found
[2026-04-20 19:49:41.878] [warning] [wireplumber]: (onMixerChanged: Audio/Sink) - Object with id 71 not found
[2026-04-20 19:50:24.554] [warning] [wireplumber]: (onMixerChanged: Audio/Sink) - Object with id 71 not found
[2026-04-20 19:50:24.569] [warning] [wireplumber]: (onMixerChanged: Audio/Sink) - Object with id 71 not found
[2026-04-20 19:50:24.583] [warning] [wireplumber]: (onMixerChanged: Audio/Sink) - Object with id 71 not found
[2026-04-20 19:50:24.585] [warning] [wireplumber]: (onMixerChanged: Audio/Sink) - Object with id 71 not found
[2026-04-20 19:52:45.724] [warning] [wireplumber]: (onMixerChanged: Audio/Sink) - Object with id 71 not found
[2026-04-20 19:52:45.736] [warning] [wireplumber]: (onMixerChanged: Audio/Sink) - Object with id 71 not found
[2026-04-20 19:52:45.747] [warning] [wireplumber]: (onMixerChanged: Audio/Sink) - Object with id 71 not found
[2026-04-20 19:53:40.037] [warning] [wireplumber]: (onMixerChanged: Audio/Sink) - Object with id 70 not found
[2026-04-20 19:53:40.046] [warning] [wireplumber]: (onMixerChanged: Audio/Sink) - Object with id 70 not found
[2026-04-20 19:53:40.071] [warning] [wireplumber]: (onMixerChanged: Audio/Sink) - Object with id 70 not found
[2026-04-20 19:53:40.071] [warning] [wireplumber]: (onMixerChanged: Audio/Sink) - Object with id 70 not found
[2026-04-20 20:00:26.779] [warning] [wireplumber]: (onMixerChanged: Audio/Sink) - Object with id 70 not found
[2026-04-20 20:00:26.798] [warning] [wireplumber]: (onMixerChanged: Audio/Sink) - Object with id 70 not found
[2026-04-20 20:00:26.812] [warning] [wireplumber]: (onMixerChanged: Audio/Sink) - Object with id 70 not found
[2026-04-20 20:01:17.484] [warning] [wireplumber]: (onMixerChanged: Audio/Sink) - Object with id 91 not found
[2026-04-20 20:01:17.501] [warning] [wireplumber]: (onMixerChanged: Audio/Sink) - Object with id 91 not found
[2026-04-20 20:01:17.508] [warning] [wireplumber]: (onMixerChanged: Audio/Sink) - Object with id 91 not found
[2026-04-20 20:01:21.346] [warning] [wireplumber]: (onMixerChanged: Audio/Sink) - Object with id 91 not found
[2026-04-20 20:01:21.356] [warning] [wireplumber]: (onMixerChanged: Audio/Sink) - Object with id 91 not found
[2026-04-20 20:01:21.364] [warning] [wireplumber]: (onMixerChanged: Audio/Sink) - Object with id 91 not found
[2026-04-20 20:08:24.972] [info] Using configuration file /home/haunt/.config/waybar/config.jsonc
[2026-04-20 20:08:24.976] [info] Using CSS file /home/haunt/.config/waybar/style.css
[2026-04-20 20:08:24.989] [info] Hyprland IPC starting
[2026-04-20 20:08:24.992] [info] Loading persistent workspaces from Hyprland workspace rules
[2026-04-20 20:08:24.996] [warning] There is no configuration for 'custom/prev', element will be hidden
[2026-04-20 20:08:25.000] [warning] There is no configuration for 'custom/next', element will be hidden
[2026-04-20 20:08:25.243] [info] Bar configured (width: 1366, height: 32) for output: DVI-I-1
[2026-04-20 20:09:11.420] [warning] [wireplumber]: (onMixerChanged: Audio/Sink) - Object with id 70 not found
[2026-04-20 20:09:11.432] [warning] [wireplumber]: (onMixerChanged: Audio/Sink) - Object with id 70 not found
[2026-04-20 20:09:11.446] [warning] [wireplumber]: (onMixerChanged: Audio/Sink) - Object with id 70 not found
[2026-04-20 20:10:21.055] [info] Hyprland config reloaded, reinitializing hyprland/workspaces module...
[2026-04-20 20:10:21.075] [info] Loading persistent workspaces from Hyprland workspace rules
[2026-04-20 20:10:32.594] [info] Hyprland config reloaded, reinitializing hyprland/workspaces module...
[2026-04-20 20:10:32.627] [info] Loading persistent workspaces from Hyprland workspace rules
[2026-04-20 20:10:34.454] [info] Hyprland config reloaded, reinitializing hyprland/workspaces module...
[2026-04-20 20:10:34.493] [info] Loading persistent workspaces from Hyprland workspace rules
[2026-04-20 20:10:35.754] [info] Hyprland config reloaded, reinitializing hyprland/workspaces module...
[2026-04-20 20:10:35.781] [info] Loading persistent workspaces from Hyprland workspace rules
[2026-04-20 20:10:38.837] [info] Hyprland config reloaded, reinitializing hyprland/workspaces module...
[2026-04-20 20:10:38.870] [info] Loading persistent workspaces from Hyprland workspace rules
[2026-04-20 20:10:49.510] [info] Hyprland config reloaded, reinitializing hyprland/workspaces module...
[2026-04-20 20:10:49.536] [info] Loading persistent workspaces from Hyprland workspace rules
[2026-04-20 20:10:51.808] [info] Hyprland config reloaded, reinitializing hyprland/workspaces module...
[2026-04-20 20:10:51.845] [info] Loading persistent workspaces from Hyprland workspace rules
[2026-04-20 20:11:11.940] [info] Hyprland config reloaded, reinitializing hyprland/workspaces module...
[2026-04-20 20:11:11.973] [info] Loading persistent workspaces from Hyprland workspace rules
[2026-04-20 20:11:20.380] [info] Hyprland config reloaded, reinitializing hyprland/workspaces module...
[2026-04-20 20:11:20.407] [info] Loading persistent workspaces from Hyprland workspace rules
[2026-04-20 20:11:30.212] [info] Hyprland config reloaded, reinitializing hyprland/workspaces module...
[2026-04-20 20:11:30.238] [info] Loading persistent workspaces from Hyprland workspace rules
[2026-04-20 20:11:42.144] [info] Hyprland config reloaded, reinitializing hyprland/workspaces module...
[2026-04-20 20:11:42.170] [info] Loading persistent workspaces from Hyprland workspace rules
[2026-04-20 20:12:29.459] [info] Hyprland config reloaded, reinitializing hyprland/workspaces module...
[2026-04-20 20:12:29.484] [info] Loading persistent workspaces from Hyprland workspace rules
[2026-04-20 20:12:38.520] [info] Hyprland config reloaded, reinitializing hyprland/workspaces module...
[2026-04-20 20:12:38.551] [info] Loading persistent workspaces from Hyprland workspace rules
[2026-04-20 20:13:02.320] [info] Hyprland config reloaded, reinitializing hyprland/workspaces module...
[2026-04-20 20:13:02.338] [info] Loading persistent workspaces from Hyprland workspace rules
[2026-04-20 20:17:52.230] [warning] [wireplumber]: (onMixerChanged: Audio/Sink) - Object with id 70 not found
[2026-04-20 20:17:52.239] [warning] [wireplumber]: (onMixerChanged: Audio/Sink) - Object with id 70 not found
[2026-04-20 20:17:52.249] [warning] [wireplumber]: (onMixerChanged: Audio/Sink) - Object with id 70 not found
[2026-04-20 20:20:24.313] [warning] [wireplumber]: (onMixerChanged: Audio/Sink) - Object with id 91 not found
[2026-04-20 20:20:24.324] [warning] [wireplumber]: (onMixerChanged: Audio/Sink) - Object with id 91 not found
[2026-04-20 20:20:24.332] [warning] [wireplumber]: (onMixerChanged: Audio/Sink) - Object with id 91 not found
[2026-04-20 20:20:46.162] [warning] [wireplumber]: (onMixerChanged: Audio/Sink) - Object with id 91 not found
[2026-04-20 20:20:46.170] [warning] [wireplumber]: (onMixerChanged: Audio/Sink) - Object with id 91 not found
[2026-04-20 20:20:46.176] [warning] [wireplumber]: (onMixerChanged: Audio/Sink) - Object with id 91 not found
